<?xml version="1.0" encoding="UTF-8"?>
<testsuite xmlns:xsi="http://www.w3.org/2001/XMLSchema-instance" xsi:noNamespaceSchemaLocation="https://maven.apache.org/surefire/maven-surefire-plugin/xsd/surefire-test-report-3.0.xsd" version="3.0" name="fr.carbon.ewen.app.MainTest" time="0.251" tests="3" errors="0" skipped="0" failures="0">
  <properties>
    <property name="java.specification.version" value="21"/>
    <property name="sun.jnu.encoding" value="UTF-8"/>
    <property name="java.class.path" value="/Users/ewen_bouquet/Documents/Carbon/fr.carbon.ewen/target/test-classes:/Users/ewen_bouquet/Documents/Carbon/fr.carbon.ewen/target/classes:/Users/ewen_bouquet/.m2/repository/org/projectlombok/lombok/1.18.34/lombok-1.18.34.jar:/Users/ewen_bouquet/.m2/repository/ch/qos/logback/logback-classic/1.5.6/logback-classic-1.5.6.jar:/Users/ewen_bouquet/.m2/repository/ch/qos/logback/logback-core/1.5.6/logback-core-1.5.6.jar:/Users/ewen_bouquet/.m2/repository/org/slf4j/slf4j-api/2.0.13/slf4j-api-2.0.13.jar:/Users/ewen_bouquet/.m2/repository/org/hibernate/validator/hibernate-validator/8.0.1.Final/hibernate-validator-8.0.1.Final.jar:/Users/ewen_bouquet/.m2/repository/jakarta/validation/jakarta.validation-api/3.0.2/jakarta.validation-api-3.0.2.jar:/Users/ewen_bouquet/.m2/repository/org/jboss/logging/jboss-logging/3.4.3.Final/jboss-logging-3.4.3.Final.jar:/Users/ewen_bouquet/.m2/repository/com/fasterxml/classmate/1.5.1/classmate-1.5.1.jar:/Users/ewen_bouquet/.m2/repository/org/glassfish/expressly/expressly/5.0.0/expressly-5.0.0.jar:/Users/ewen_bouquet/.m2/repository/jakarta/el/jakarta.el-api/5.0.0/jakarta.el-api-5.0.0.jar:/Users/ewen_bouquet/.m2/repository/one/util/streamex/0.8.2/streamex-0.8.2.jar:/Users/ewen_bouquet/.m2/repository/org/junit/jupiter/junit-jupiter-engine/5.10.2/junit-jupiter-engine-5.10.2.jar:/Users/ewen_bouquet/.m2/repository/org/junit/platform/junit-platform-engine/1.10.2/junit-platform-engine-1.10.2.jar:/Users/ewen_bouquet/.m2/repository/org/opentest4j/opentest4j/1.3.0/opentest4j-1.3.0.jar:/Users/ewen_bouquet/.m2/repository/org/junit/platform/junit-platform-commons/1.10.2/junit-platform-commons-1.10.2.jar:/Users/ewen_bouquet/.m2/repository/org/junit/jupiter/junit-jupiter-api/5.10.2/junit-jupiter-api-5.10.2.jar:/Users/ewen_bouquet/.m2/repository/org/apiguardian/apiguardian-api/1.1.2/apiguardian-api-1.1.2.jar:/Users/ewen_bouquet/.m2/repository/org/assertj/assertj-core/3.26.3/assertj-core-3.26.3.jar:/Users/ewen_bouquet/.m2/repository/net/bytebuddy/byte-buddy/1.14.18/byte-buddy-1.14.18.jar:"/>
    <property name="java.vm.vendor" value="Eclipse Adoptium"/>
    <property name="sun.arch.data.model" value="64"/>
    <property name="java.vendor.url" value="https://adoptium.net/"/>
    <property name="user.timezone" value="Europe/Paris"/>
    <property name="os.name" value="Mac OS X"/>
    <property name="java.vm.specification.version" value="21"/>
    <property name="sun.java.launcher" value="SUN_STANDARD"/>
    <property name="user.country" value="US"/>
    <property name="sun.boot.library.path" value="/Users/ewen_bouquet/.sdkman/candidates/java/21.0.3-tem/lib"/>
    <property name="sun.java.command" value="/Users/ewen_bouquet/Documents/Carbon/fr.carbon.ewen/target/surefire/surefirebooter-20240726103633431_3.jar /Users/ewen_bouquet/Documents/Carbon/fr.carbon.ewen/target/surefire 2024-07-26T10-36-33_395-jvmRun1 surefire-20240726103633431_1tmp surefire_0-20240726103633431_2tmp"/>
    <property name="jdk.debug" value="release"/>
    <property name="surefire.test.class.path" value="/Users/ewen_bouquet/Documents/Carbon/fr.carbon.ewen/target/test-classes:/Users/ewen_bouquet/Documents/Carbon/fr.carbon.ewen/target/classes:/Users/ewen_bouquet/.m2/repository/org/projectlombok/lombok/1.18.34/lombok-1.18.34.jar:/Users/ewen_bouquet/.m2/repository/ch/qos/logback/logback-classic/1.5.6/logback-classic-1.5.6.jar:/Users/ewen_bouquet/.m2/repository/ch/qos/logback/logback-core/1.5.6/logback-core-1.5.6.jar:/Users/ewen_bouquet/.m2/repository/org/slf4j/slf4j-api/2.0.13/slf4j-api-2.0.13.jar:/Users/ewen_bouquet/.m2/repository/org/hibernate/validator/hibernate-validator/8.0.1.Final/hibernate-validator-8.0.1.Final.jar:/Users/ewen_bouquet/.m2/repository/jakarta/validation/jakarta.validation-api/3.0.2/jakarta.validation-api-3.0.2.jar:/Users/ewen_bouquet/.m2/repository/org/jboss/logging/jboss-logging/3.4.3.Final/jboss-logging-3.4.3.Final.jar:/Users/ewen_bouquet/.m2/repository/com/fasterxml/classmate/1.5.1/classmate-1.5.1.jar:/Users/ewen_bouquet/.m2/repository/org/glassfish/expressly/expressly/5.0.0/expressly-5.0.0.jar:/Users/ewen_bouquet/.m2/repository/jakarta/el/jakarta.el-api/5.0.0/jakarta.el-api-5.0.0.jar:/Users/ewen_bouquet/.m2/repository/one/util/streamex/0.8.2/streamex-0.8.2.jar:/Users/ewen_bouquet/.m2/repository/org/junit/jupiter/junit-jupiter-engine/5.10.2/junit-jupiter-engine-5.10.2.jar:/Users/ewen_bouquet/.m2/repository/org/junit/platform/junit-platform-engine/1.10.2/junit-platform-engine-1.10.2.jar:/Users/ewen_bouquet/.m2/repository/org/opentest4j/opentest4j/1.3.0/opentest4j-1.3.0.jar:/Users/ewen_bouquet/.m2/repository/org/junit/platform/junit-platform-commons/1.10.2/junit-platform-commons-1.10.2.jar:/Users/ewen_bouquet/.m2/repository/org/junit/jupiter/junit-jupiter-api/5.10.2/junit-jupiter-api-5.10.2.jar:/Users/ewen_bouquet/.m2/repository/org/apiguardian/apiguardian-api/1.1.2/apiguardian-api-1.1.2.jar:/Users/ewen_bouquet/.m2/repository/org/assertj/assertj-core/3.26.3/assertj-core-3.26.3.jar:/Users/ewen_bouquet/.m2/repository/net/bytebuddy/byte-buddy/1.14.18/byte-buddy-1.14.18.jar:"/>
    <property name="sun.cpu.endian" value="little"/>
    <property name="user.home" value="/Users/ewen_bouquet"/>
    <property name="user.language" value="en"/>
    <property name="java.specification.vendor" value="Oracle Corporation"/>
    <property name="java.version.date" value="2024-04-16"/>
    <property name="java.home" value="/Users/ewen_bouquet/.sdkman/candidates/java/21.0.3-tem"/>
    <property name="file.separator" value="/"/>
    <property name="basedir" value="/Users/ewen_bouquet/Documents/Carbon/fr.carbon.ewen"/>
    <property name="java.vm.compressedOopsMode" value="Zero based"/>
    <property name="line.separator" value="&#10;"/>
    <property name="java.vm.specification.vendor" value="Oracle Corporation"/>
    <property name="java.specification.name" value="Java Platform API Specification"/>
    <property name="apple.awt.application.name" value="ForkedBooter"/>
    <property name="surefire.real.class.path" value="/Users/ewen_bouquet/Documents/Carbon/fr.carbon.ewen/target/surefire/surefirebooter-20240726103633431_3.jar"/>
    <property name="sun.management.compiler" value="HotSpot 64-Bit Tiered Compilers"/>
    <property name="java.runtime.version" value="21.0.3+9-LTS"/>
    <property name="user.name" value="ewen_bouquet"/>
    <property name="stdout.encoding" value="UTF-8"/>
    <property name="path.separator" value=":"/>
    <property name="os.version" value="14.4"/>
    <property name="java.runtime.name" value="OpenJDK Runtime Environment"/>
    <property name="file.encoding" value="UTF-8"/>
    <property name="java.vm.name" value="OpenJDK 64-Bit Server VM"/>
    <property name="java.vendor.version" value="Temurin-21.0.3+9"/>
    <property name="localRepository" value="/Users/ewen_bouquet/.m2/repository"/>
    <property name="java.vendor.url.bug" value="https://github.com/adoptium/adoptium-support/issues"/>
    <property name="java.io.tmpdir" value="/var/folders/m7/g7z589c914365v591rz3sqc80000gn/T/"/>
    <property name="java.version" value="21.0.3"/>
    <property name="user.dir" value="/Users/ewen_bouquet/Documents/Carbon/fr.carbon.ewen"/>
    <property name="os.arch" value="aarch64"/>
    <property name="java.vm.specification.name" value="Java Virtual Machine Specification"/>
    <property name="native.encoding" value="UTF-8"/>
    <property name="java.library.path" value="/Users/ewen_bouquet/Library/Java/Extensions:/Library/Java/Extensions:/Network/Library/Java/Extensions:/System/Library/Java/Extensions:/usr/lib/java:."/>
    <property name="java.vm.info" value="mixed mode"/>
    <property name="stderr.encoding" value="UTF-8"/>
    <property name="java.vendor" value="Eclipse Adoptium"/>
    <property name="java.vm.version" value="21.0.3+9-LTS"/>
    <property name="sun.io.unicode.encoding" value="UnicodeBig"/>
    <property name="java.class.version" value="65.0"/>
  </properties>
  <testcase name="shouldRunSimulation" classname="fr.carbon.ewen.app.MainTest" time="0.195">
    <system-out><![CDATA[10:36:33.717 [main] DEBUG org.jboss.logging -- Logging Provider: org.jboss.logging.Slf4jLoggerProvider
10:36:33.718 [main] INFO org.hibernate.validator.internal.util.Version -- HV000001: Hibernate Validator 8.0.1.Final
10:36:33.720 [main] DEBUG org.hibernate.validator.internal.xml.config.ValidationXmlParser -- Trying to load META-INF/validation.xml for XML based Validator configuration.
10:36:33.720 [main] DEBUG org.hibernate.validator.internal.xml.config.ResourceLoaderHelper -- Trying to load META-INF/validation.xml via TCCL
10:36:33.720 [main] DEBUG org.hibernate.validator.internal.xml.config.ResourceLoaderHelper -- Trying to load META-INF/validation.xml via Hibernate Validator's class loader
10:36:33.720 [main] DEBUG org.hibernate.validator.internal.xml.config.ValidationXmlParser -- No META-INF/validation.xml found. Using annotation based configuration only.
10:36:33.721 [main] DEBUG org.hibernate.validator.internal.engine.resolver.TraversableResolvers -- Cannot find jakarta.persistence.Persistence on classpath. Assuming non JPA 2 environment. All properties will per default be traversable.
10:36:33.728 [main] DEBUG org.hibernate.validator.messageinterpolation.ResourceBundleMessageInterpolator -- Loaded expression factory via original TCCL
10:36:33.749 [main] DEBUG org.hibernate.validator.internal.engine.ValidatorFactoryConfigurationHelper -- HV000252: Using org.hibernate.validator.internal.engine.DefaultPropertyNodeNameProvider as property node name provider.
10:36:33.750 [main] DEBUG org.hibernate.validator.internal.engine.ValidatorFactoryConfigurationHelper -- HV000234: Using org.hibernate.validator.messageinterpolation.ResourceBundleMessageInterpolator as ValidatorFactory-scoped message interpolator.
10:36:33.750 [main] DEBUG org.hibernate.validator.internal.engine.ValidatorFactoryConfigurationHelper -- HV000234: Using org.hibernate.validator.internal.engine.resolver.TraverseAllTraversableResolver as ValidatorFactory-scoped traversable resolver.
10:36:33.750 [main] DEBUG org.hibernate.validator.internal.engine.ValidatorFactoryConfigurationHelper -- HV000234: Using org.hibernate.validator.internal.util.ExecutableParameterNameProvider as ValidatorFactory-scoped parameter name provider.
10:36:33.750 [main] DEBUG org.hibernate.validator.internal.engine.ValidatorFactoryConfigurationHelper -- HV000234: Using org.hibernate.validator.internal.engine.DefaultClockProvider as ValidatorFactory-scoped clock provider.
10:36:33.750 [main] DEBUG org.hibernate.validator.internal.engine.ValidatorFactoryConfigurationHelper -- HV000234: Using org.hibernate.validator.internal.engine.scripting.DefaultScriptEvaluatorFactory as ValidatorFactory-scoped script evaluator factory.
10:36:33.803 [main] INFO fr.carbon.ewen.domain.Simulation -- Starting simulation...
10:36:33.804 [main] INFO fr.carbon.ewen.domain.Simulation -- Step 0:
10:36:33.805 [main] INFO fr.carbon.ewen.domain.components.Explorer -- Explorer[name=explorer1, movements=[ROTATE_LEFT, MOVE_FORWARD, ROTATE_RIGHT, MOVE_FORWARD, MOVE_FORWARD, ROTATE_RIGHT, MOVE_FORWARD, MOVE_FORWARD], state=Explorer.ExplorerState(position=Position[width=1, height=0], orientation=SOUTH, treasuresFound=0)] is rotating in left direction
10:36:33.808 [main] INFO fr.carbon.ewen.domain.Simulation -- Step 1:
10:36:33.808 [main] INFO fr.carbon.ewen.domain.components.Explorer -- Explorer[name=explorer1, movements=[ROTATE_LEFT, MOVE_FORWARD, ROTATE_RIGHT, MOVE_FORWARD, MOVE_FORWARD, ROTATE_RIGHT, MOVE_FORWARD, MOVE_FORWARD], state=Explorer.ExplorerState(position=Position[width=1, height=0], orientation=EAST, treasuresFound=0)] is moving forward
10:36:33.808 [main] INFO fr.carbon.ewen.domain.Simulation -- Step 2:
10:36:33.808 [main] INFO fr.carbon.ewen.domain.components.Explorer -- Explorer[name=explorer1, movements=[ROTATE_LEFT, MOVE_FORWARD, ROTATE_RIGHT, MOVE_FORWARD, MOVE_FORWARD, ROTATE_RIGHT, MOVE_FORWARD, MOVE_FORWARD], state=Explorer.ExplorerState(position=Position[width=2, height=0], orientation=EAST, treasuresFound=0)] is rotating in right direction
10:36:33.808 [main] INFO fr.carbon.ewen.domain.Simulation -- Step 3:
10:36:33.808 [main] INFO fr.carbon.ewen.domain.components.Explorer -- Explorer[name=explorer1, movements=[ROTATE_LEFT, MOVE_FORWARD, ROTATE_RIGHT, MOVE_FORWARD, MOVE_FORWARD, ROTATE_RIGHT, MOVE_FORWARD, MOVE_FORWARD], state=Explorer.ExplorerState(position=Position[width=2, height=0], orientation=SOUTH, treasuresFound=0)] is moving forward
10:36:33.808 [main] INFO fr.carbon.ewen.domain.Simulation -- Step 4:
10:36:33.809 [main] INFO fr.carbon.ewen.domain.components.Explorer -- Explorer[name=explorer1, movements=[ROTATE_LEFT, MOVE_FORWARD, ROTATE_RIGHT, MOVE_FORWARD, MOVE_FORWARD, ROTATE_RIGHT, MOVE_FORWARD, MOVE_FORWARD], state=Explorer.ExplorerState(position=Position[width=2, height=1], orientation=SOUTH, treasuresFound=0)] is moving forward
10:36:33.814 [main] INFO fr.carbon.ewen.domain.components.Explorer -- Explorer[name=explorer1, movements=[ROTATE_LEFT, MOVE_FORWARD, ROTATE_RIGHT, MOVE_FORWARD, MOVE_FORWARD, ROTATE_RIGHT, MOVE_FORWARD, MOVE_FORWARD], state=Explorer.ExplorerState(position=Position[width=2, height=2], orientation=SOUTH, treasuresFound=0)] collected a treasure Treasure[position=Position[width=2, height=2], state=Treasure.TreasureState(count=1)]
10:36:33.815 [main] WARN fr.carbon.ewen.domain.components.Treasure -- Treasure[position=Position[width=2, height=2], state=Treasure.TreasureState(count=1)] was collected by explorer Explorer[name=explorer1, movements=[ROTATE_LEFT, MOVE_FORWARD, ROTATE_RIGHT, MOVE_FORWARD, MOVE_FORWARD, ROTATE_RIGHT, MOVE_FORWARD, MOVE_FORWARD], state=Explorer.ExplorerState(position=Position[width=2, height=2], orientation=SOUTH, treasuresFound=1)]
10:36:33.815 [main] INFO fr.carbon.ewen.domain.Simulation -- Step 5:
10:36:33.815 [main] INFO fr.carbon.ewen.domain.components.Explorer -- Explorer[name=explorer1, movements=[ROTATE_LEFT, MOVE_FORWARD, ROTATE_RIGHT, MOVE_FORWARD, MOVE_FORWARD, ROTATE_RIGHT, MOVE_FORWARD, MOVE_FORWARD], state=Explorer.ExplorerState(position=Position[width=2, height=2], orientation=SOUTH, treasuresFound=1)] is rotating in right direction
10:36:33.815 [main] INFO fr.carbon.ewen.domain.Simulation -- Step 6:
10:36:33.815 [main] INFO fr.carbon.ewen.domain.components.Explorer -- Explorer[name=explorer1, movements=[ROTATE_LEFT, MOVE_FORWARD, ROTATE_RIGHT, MOVE_FORWARD, MOVE_FORWARD, ROTATE_RIGHT, MOVE_FORWARD, MOVE_FORWARD], state=Explorer.ExplorerState(position=Position[width=2, height=2], orientation=WEST, treasuresFound=1)] is moving forward
10:36:33.816 [main] INFO fr.carbon.ewen.domain.Simulation -- Step 7:
10:36:33.816 [main] INFO fr.carbon.ewen.domain.components.Explorer -- Explorer[name=explorer1, movements=[ROTATE_LEFT, MOVE_FORWARD, ROTATE_RIGHT, MOVE_FORWARD, MOVE_FORWARD, ROTATE_RIGHT, MOVE_FORWARD, MOVE_FORWARD], state=Explorer.ExplorerState(position=Position[width=1, height=2], orientation=WEST, treasuresFound=1)] is moving forward
10:36:33.816 [main] INFO fr.carbon.ewen.domain.Simulation -- Simulation finished...
10:36:33.817 [main] DEBUG org.hibernate.validator.internal.xml.config.ValidationXmlParser -- Trying to load META-INF/validation.xml for XML based Validator configuration.
10:36:33.817 [main] DEBUG org.hibernate.validator.internal.xml.config.ResourceLoaderHelper -- Trying to load META-INF/validation.xml via TCCL
10:36:33.817 [main] DEBUG org.hibernate.validator.internal.xml.config.ResourceLoaderHelper -- Trying to load META-INF/validation.xml via Hibernate Validator's class loader
10:36:33.817 [main] DEBUG org.hibernate.validator.internal.xml.config.ValidationXmlParser -- No META-INF/validation.xml found. Using annotation based configuration only.
10:36:33.817 [main] DEBUG org.hibernate.validator.internal.engine.resolver.TraversableResolvers -- Cannot find jakarta.persistence.Persistence on classpath. Assuming non JPA 2 environment. All properties will per default be traversable.
10:36:33.817 [main] DEBUG org.hibernate.validator.messageinterpolation.ResourceBundleMessageInterpolator -- Loaded expression factory via original TCCL
10:36:33.818 [main] DEBUG org.hibernate.validator.internal.engine.ValidatorFactoryConfigurationHelper -- HV000252: Using org.hibernate.validator.internal.engine.DefaultPropertyNodeNameProvider as property node name provider.
10:36:33.818 [main] DEBUG org.hibernate.validator.internal.engine.ValidatorFactoryConfigurationHelper -- HV000234: Using org.hibernate.validator.messageinterpolation.ResourceBundleMessageInterpolator as ValidatorFactory-scoped message interpolator.
10:36:33.818 [main] DEBUG org.hibernate.validator.internal.engine.ValidatorFactoryConfigurationHelper -- HV000234: Using org.hibernate.validator.internal.engine.resolver.TraverseAllTraversableResolver as ValidatorFactory-scoped traversable resolver.
10:36:33.818 [main] DEBUG org.hibernate.validator.internal.engine.ValidatorFactoryConfigurationHelper -- HV000234: Using org.hibernate.validator.internal.util.ExecutableParameterNameProvider as ValidatorFactory-scoped parameter name provider.
10:36:33.818 [main] DEBUG org.hibernate.validator.internal.engine.ValidatorFactoryConfigurationHelper -- HV000234: Using org.hibernate.validator.internal.engine.DefaultClockProvider as ValidatorFactory-scoped clock provider.
10:36:33.818 [main] DEBUG org.hibernate.validator.internal.engine.ValidatorFactoryConfigurationHelper -- HV000234: Using org.hibernate.validator.internal.engine.scripting.DefaultScriptEvaluatorFactory as ValidatorFactory-scoped script evaluator factory.
]]></system-out>
  </testcase>
  <testcase name="shouldStopSimulationWhenOutOfBound" classname="fr.carbon.ewen.app.MainTest" time="0.039">
    <system-out><![CDATA[10:36:33.857 [main] DEBUG org.hibernate.validator.internal.xml.config.ValidationXmlParser -- Trying to load META-INF/validation.xml for XML based Validator configuration.
10:36:33.857 [main] DEBUG org.hibernate.validator.internal.xml.config.ResourceLoaderHelper -- Trying to load META-INF/validation.xml via TCCL
10:36:33.857 [main] DEBUG org.hibernate.validator.internal.xml.config.ResourceLoaderHelper -- Trying to load META-INF/validation.xml via Hibernate Validator's class loader
10:36:33.857 [main] DEBUG org.hibernate.validator.internal.xml.config.ValidationXmlParser -- No META-INF/validation.xml found. Using annotation based configuration only.
10:36:33.858 [main] DEBUG org.hibernate.validator.internal.engine.resolver.TraversableResolvers -- Cannot find jakarta.persistence.Persistence on classpath. Assuming non JPA 2 environment. All properties will per default be traversable.
10:36:33.858 [main] DEBUG org.hibernate.validator.messageinterpolation.ResourceBundleMessageInterpolator -- Loaded expression factory via original TCCL
10:36:33.858 [main] DEBUG org.hibernate.validator.internal.engine.ValidatorFactoryConfigurationHelper -- HV000252: Using org.hibernate.validator.internal.engine.DefaultPropertyNodeNameProvider as property node name provider.
10:36:33.858 [main] DEBUG org.hibernate.validator.internal.engine.ValidatorFactoryConfigurationHelper -- HV000234: Using org.hibernate.validator.messageinterpolation.ResourceBundleMessageInterpolator as ValidatorFactory-scoped message interpolator.
10:36:33.858 [main] DEBUG org.hibernate.validator.internal.engine.ValidatorFactoryConfigurationHelper -- HV000234: Using org.hibernate.validator.internal.engine.resolver.TraverseAllTraversableResolver as ValidatorFactory-scoped traversable resolver.
10:36:33.858 [main] DEBUG org.hibernate.validator.internal.engine.ValidatorFactoryConfigurationHelper -- HV000234: Using org.hibernate.validator.internal.util.ExecutableParameterNameProvider as ValidatorFactory-scoped parameter name provider.
10:36:33.859 [main] DEBUG org.hibernate.validator.internal.engine.ValidatorFactoryConfigurationHelper -- HV000234: Using org.hibernate.validator.internal.engine.DefaultClockProvider as ValidatorFactory-scoped clock provider.
10:36:33.859 [main] DEBUG org.hibernate.validator.internal.engine.ValidatorFactoryConfigurationHelper -- HV000234: Using org.hibernate.validator.internal.engine.scripting.DefaultScriptEvaluatorFactory as ValidatorFactory-scoped script evaluator factory.
10:36:33.867 [main] INFO fr.carbon.ewen.domain.Simulation -- Starting simulation...
10:36:33.867 [main] INFO fr.carbon.ewen.domain.Simulation -- Step 0:
10:36:33.867 [main] INFO fr.carbon.ewen.domain.components.Explorer -- Explorer[name=explorer1, movements=[MOVE_FORWARD], state=Explorer.ExplorerState(position=Position[width=0, height=0], orientation=NORTH, treasuresFound=0)] is moving forward
10:36:33.868 [main] DEBUG org.hibernate.validator.internal.xml.config.ValidationXmlParser -- Trying to load META-INF/validation.xml for XML based Validator configuration.
10:36:33.868 [main] DEBUG org.hibernate.validator.internal.xml.config.ResourceLoaderHelper -- Trying to load META-INF/validation.xml via TCCL
10:36:33.868 [main] DEBUG org.hibernate.validator.internal.xml.config.ResourceLoaderHelper -- Trying to load META-INF/validation.xml via Hibernate Validator's class loader
10:36:33.868 [main] DEBUG org.hibernate.validator.internal.xml.config.ValidationXmlParser -- No META-INF/validation.xml found. Using annotation based configuration only.
10:36:33.869 [main] DEBUG org.hibernate.validator.internal.engine.resolver.TraversableResolvers -- Cannot find jakarta.persistence.Persistence on classpath. Assuming non JPA 2 environment. All properties will per default be traversable.
10:36:33.869 [main] DEBUG org.hibernate.validator.messageinterpolation.ResourceBundleMessageInterpolator -- Loaded expression factory via original TCCL
10:36:33.869 [main] DEBUG org.hibernate.validator.internal.engine.ValidatorFactoryConfigurationHelper -- HV000252: Using org.hibernate.validator.internal.engine.DefaultPropertyNodeNameProvider as property node name provider.
10:36:33.869 [main] DEBUG org.hibernate.validator.internal.engine.ValidatorFactoryConfigurationHelper -- HV000234: Using org.hibernate.validator.messageinterpolation.ResourceBundleMessageInterpolator as ValidatorFactory-scoped message interpolator.
10:36:33.869 [main] DEBUG org.hibernate.validator.internal.engine.ValidatorFactoryConfigurationHelper -- HV000234: Using org.hibernate.validator.internal.engine.resolver.TraverseAllTraversableResolver as ValidatorFactory-scoped traversable resolver.
10:36:33.869 [main] DEBUG org.hibernate.validator.internal.engine.ValidatorFactoryConfigurationHelper -- HV000234: Using org.hibernate.validator.internal.util.ExecutableParameterNameProvider as ValidatorFactory-scoped parameter name provider.
10:36:33.869 [main] DEBUG org.hibernate.validator.internal.engine.ValidatorFactoryConfigurationHelper -- HV000234: Using org.hibernate.validator.internal.engine.DefaultClockProvider as ValidatorFactory-scoped clock provider.
10:36:33.870 [main] DEBUG org.hibernate.validator.internal.engine.ValidatorFactoryConfigurationHelper -- HV000234: Using org.hibernate.validator.internal.engine.scripting.DefaultScriptEvaluatorFactory as ValidatorFactory-scoped script evaluator factory.
10:36:33.877 [main] INFO fr.carbon.ewen.domain.Simulation -- Starting simulation...
10:36:33.877 [main] INFO fr.carbon.ewen.domain.Simulation -- Step 0:
10:36:33.877 [main] INFO fr.carbon.ewen.domain.components.Explorer -- Explorer[name=explorer1, movements=[MOVE_FORWARD], state=Explorer.ExplorerState(position=Position[width=0, height=0], orientation=SOUTH, treasuresFound=0)] is moving forward
10:36:33.878 [main] DEBUG org.hibernate.validator.internal.xml.config.ValidationXmlParser -- Trying to load META-INF/validation.xml for XML based Validator configuration.
10:36:33.878 [main] DEBUG org.hibernate.validator.internal.xml.config.ResourceLoaderHelper -- Trying to load META-INF/validation.xml via TCCL
10:36:33.878 [main] DEBUG org.hibernate.validator.internal.xml.config.ResourceLoaderHelper -- Trying to load META-INF/validation.xml via Hibernate Validator's class loader
10:36:33.878 [main] DEBUG org.hibernate.validator.internal.xml.config.ValidationXmlParser -- No META-INF/validation.xml found. Using annotation based configuration only.
10:36:33.878 [main] DEBUG org.hibernate.validator.internal.engine.resolver.TraversableResolvers -- Cannot find jakarta.persistence.Persistence on classpath. Assuming non JPA 2 environment. All properties will per default be traversable.
10:36:33.878 [main] DEBUG org.hibernate.validator.messageinterpolation.ResourceBundleMessageInterpolator -- Loaded expression factory via original TCCL
10:36:33.879 [main] DEBUG org.hibernate.validator.internal.engine.ValidatorFactoryConfigurationHelper -- HV000252: Using org.hibernate.validator.internal.engine.DefaultPropertyNodeNameProvider as property node name provider.
10:36:33.879 [main] DEBUG org.hibernate.validator.internal.engine.ValidatorFactoryConfigurationHelper -- HV000234: Using org.hibernate.validator.messageinterpolation.ResourceBundleMessageInterpolator as ValidatorFactory-scoped message interpolator.
10:36:33.879 [main] DEBUG org.hibernate.validator.internal.engine.ValidatorFactoryConfigurationHelper -- HV000234: Using org.hibernate.validator.internal.engine.resolver.TraverseAllTraversableResolver as ValidatorFactory-scoped traversable resolver.
10:36:33.879 [main] DEBUG org.hibernate.validator.internal.engine.ValidatorFactoryConfigurationHelper -- HV000234: Using org.hibernate.validator.internal.util.ExecutableParameterNameProvider as ValidatorFactory-scoped parameter name provider.
10:36:33.879 [main] DEBUG org.hibernate.validator.internal.engine.ValidatorFactoryConfigurationHelper -- HV000234: Using org.hibernate.validator.internal.engine.DefaultClockProvider as ValidatorFactory-scoped clock provider.
10:36:33.879 [main] DEBUG org.hibernate.validator.internal.engine.ValidatorFactoryConfigurationHelper -- HV000234: Using org.hibernate.validator.internal.engine.scripting.DefaultScriptEvaluatorFactory as ValidatorFactory-scoped script evaluator factory.
10:36:33.886 [main] INFO fr.carbon.ewen.domain.Simulation -- Starting simulation...
10:36:33.886 [main] INFO fr.carbon.ewen.domain.Simulation -- Step 0:
10:36:33.886 [main] INFO fr.carbon.ewen.domain.components.Explorer -- Explorer[name=explorer1, movements=[MOVE_FORWARD], state=Explorer.ExplorerState(position=Position[width=0, height=0], orientation=WEST, treasuresFound=0)] is moving forward
10:36:33.887 [main] DEBUG org.hibernate.validator.internal.xml.config.ValidationXmlParser -- Trying to load META-INF/validation.xml for XML based Validator configuration.
10:36:33.887 [main] DEBUG org.hibernate.validator.internal.xml.config.ResourceLoaderHelper -- Trying to load META-INF/validation.xml via TCCL
10:36:33.887 [main] DEBUG org.hibernate.validator.internal.xml.config.ResourceLoaderHelper -- Trying to load META-INF/validation.xml via Hibernate Validator's class loader
10:36:33.887 [main] DEBUG org.hibernate.validator.internal.xml.config.ValidationXmlParser -- No META-INF/validation.xml found. Using annotation based configuration only.
10:36:33.887 [main] DEBUG org.hibernate.validator.internal.engine.resolver.TraversableResolvers -- Cannot find jakarta.persistence.Persistence on classpath. Assuming non JPA 2 environment. All properties will per default be traversable.
10:36:33.887 [main] DEBUG org.hibernate.validator.messageinterpolation.ResourceBundleMessageInterpolator -- Loaded expression factory via original TCCL
10:36:33.888 [main] DEBUG org.hibernate.validator.internal.engine.ValidatorFactoryConfigurationHelper -- HV000252: Using org.hibernate.validator.internal.engine.DefaultPropertyNodeNameProvider as property node name provider.
10:36:33.888 [main] DEBUG org.hibernate.validator.internal.engine.ValidatorFactoryConfigurationHelper -- HV000234: Using org.hibernate.validator.messageinterpolation.ResourceBundleMessageInterpolator as ValidatorFactory-scoped message interpolator.
10:36:33.888 [main] DEBUG org.hibernate.validator.internal.engine.ValidatorFactoryConfigurationHelper -- HV000234: Using org.hibernate.validator.internal.engine.resolver.TraverseAllTraversableResolver as ValidatorFactory-scoped traversable resolver.
10:36:33.888 [main] DEBUG org.hibernate.validator.internal.engine.ValidatorFactoryConfigurationHelper -- HV000234: Using org.hibernate.validator.internal.util.ExecutableParameterNameProvider as ValidatorFactory-scoped parameter name provider.
10:36:33.888 [main] DEBUG org.hibernate.validator.internal.engine.ValidatorFactoryConfigurationHelper -- HV000234: Using org.hibernate.validator.internal.engine.DefaultClockProvider as ValidatorFactory-scoped clock provider.
10:36:33.888 [main] DEBUG org.hibernate.validator.internal.engine.ValidatorFactoryConfigurationHelper -- HV000234: Using org.hibernate.validator.internal.engine.scripting.DefaultScriptEvaluatorFactory as ValidatorFactory-scoped script evaluator factory.
10:36:33.894 [main] INFO fr.carbon.ewen.domain.Simulation -- Starting simulation...
10:36:33.894 [main] INFO fr.carbon.ewen.domain.Simulation -- Step 0:
10:36:33.894 [main] INFO fr.carbon.ewen.domain.components.Explorer -- Explorer[name=explorer1, movements=[MOVE_FORWARD], state=Explorer.ExplorerState(position=Position[width=0, height=0], orientation=EAST, treasuresFound=0)] is moving forward
]]></system-out>
  </testcase>
  <testcase name="shouldStopSimulationWhenCollisionWithMountain" classname="fr.carbon.ewen.app.MainTest" time="0.01">
    <system-out><![CDATA[10:36:33.896 [main] DEBUG org.hibernate.validator.internal.xml.config.ValidationXmlParser -- Trying to load META-INF/validation.xml for XML based Validator configuration.
10:36:33.896 [main] DEBUG org.hibernate.validator.internal.xml.config.ResourceLoaderHelper -- Trying to load META-INF/validation.xml via TCCL
10:36:33.896 [main] DEBUG org.hibernate.validator.internal.xml.config.ResourceLoaderHelper -- Trying to load META-INF/validation.xml via Hibernate Validator's class loader
10:36:33.896 [main] DEBUG org.hibernate.validator.internal.xml.config.ValidationXmlParser -- No META-INF/validation.xml found. Using annotation based configuration only.
10:36:33.896 [main] DEBUG org.hibernate.validator.internal.engine.resolver.TraversableResolvers -- Cannot find jakarta.persistence.Persistence on classpath. Assuming non JPA 2 environment. All properties will per default be traversable.
10:36:33.896 [main] DEBUG org.hibernate.validator.messageinterpolation.ResourceBundleMessageInterpolator -- Loaded expression factory via original TCCL
10:36:33.897 [main] DEBUG org.hibernate.validator.internal.engine.ValidatorFactoryConfigurationHelper -- HV000252: Using org.hibernate.validator.internal.engine.DefaultPropertyNodeNameProvider as property node name provider.
10:36:33.897 [main] DEBUG org.hibernate.validator.internal.engine.ValidatorFactoryConfigurationHelper -- HV000234: Using org.hibernate.validator.messageinterpolation.ResourceBundleMessageInterpolator as ValidatorFactory-scoped message interpolator.
10:36:33.897 [main] DEBUG org.hibernate.validator.internal.engine.ValidatorFactoryConfigurationHelper -- HV000234: Using org.hibernate.validator.internal.engine.resolver.TraverseAllTraversableResolver as ValidatorFactory-scoped traversable resolver.
10:36:33.897 [main] DEBUG org.hibernate.validator.internal.engine.ValidatorFactoryConfigurationHelper -- HV000234: Using org.hibernate.validator.internal.util.ExecutableParameterNameProvider as ValidatorFactory-scoped parameter name provider.
10:36:33.897 [main] DEBUG org.hibernate.validator.internal.engine.ValidatorFactoryConfigurationHelper -- HV000234: Using org.hibernate.validator.internal.engine.DefaultClockProvider as ValidatorFactory-scoped clock provider.
10:36:33.897 [main] DEBUG org.hibernate.validator.internal.engine.ValidatorFactoryConfigurationHelper -- HV000234: Using org.hibernate.validator.internal.engine.scripting.DefaultScriptEvaluatorFactory as ValidatorFactory-scoped script evaluator factory.
10:36:33.904 [main] INFO fr.carbon.ewen.domain.Simulation -- Starting simulation...
10:36:33.904 [main] INFO fr.carbon.ewen.domain.Simulation -- Step 0:
10:36:33.904 [main] INFO fr.carbon.ewen.domain.components.Explorer -- Explorer[name=explorer1, movements=[MOVE_FORWARD], state=Explorer.ExplorerState(position=Position[width=0, height=0], orientation=EAST, treasuresFound=0)] is moving forward
10:36:33.904 [main] WARN fr.carbon.ewen.domain.components.Explorer -- Explorer[name=explorer1, movements=[MOVE_FORWARD], state=Explorer.ExplorerState(position=Position[width=1, height=0], orientation=EAST, treasuresFound=0)] collided with mountain Mountain[position=Position[width=1, height=0]]
]]></system-out>
  </testcase>
</testsuite>